<?xml version="1.0" encoding="UTF-8"?>
<!-- Generated by org.testng.reporters.JUnitReportReporter -->
<testsuite hostname="GT0308" failures="0" tests="3" name="practo_tests.Practo_test" time="98.947" errors="0" timestamp="2024-09-25T13:01:47 IST" skipped="0">
  <testcase classname="practo_tests.Practo_test" name="Test1" time="27.604"/>
  <system-out/>
  <testcase classname="practo_tests.Practo_test" name="Test2" time="39.916"/>
  <system-out/>
  <testcase classname="practo_tests.Practo_test" name="Test3" time="31.427"/>
  <system-out/>
</testsuite> <!-- practo_tests.Practo_test -->
